29 69 
1 0 
0 0 
0 0 
0 0 
0 0 
-2 -5 
-5 -5 
-4 -5 
-9 -6 
-2 0 
0 -3 
0 0 
-3 -4 
-2 -6 
-3 -7 
-1 -1 
0 -4 
0 0 
-3 -1 
-4 -2 
-3 -3 
-4 -2 
-6 -8 
-10 -12 
-5 -12 
-27 -56 
0 0 
0 0 
-8 -16 
0 0 
0 0 
0 0 
-7 -13 
-17 -31 
-13 -25 
-8 -17 
-4 -12 
-2 -15 
0 0 
0 0 
-7 -20 
-6 -11 
-24 -43 
-9 -20 
-4 -8 
0 0 
0 -5 
0 -6 
-3 -12 
-12 -36 
-14 -49 
-12 -49 
-15 -62 
-9 -30 
-5 -16 
-4 -16 
-5 -20 
-2 -8 
0 -2 
0 -1 
0 0 
-2 -2 
0 0 
0 0 
0 0 
0 0 
36 2 
0 0 
-4 -8 
-13 -19 
-25 -25 
-54 -51 
0 0 
-19 -20 
-36 -41 
-16 -18 
-14 -17 
-9 -9 
-2 -1 
0 0 
1 0 
4 4 
9 8 
71 46 
59 36 
145 85 
129 75 
132 87 
0 0 
4 2 
6 5 
2 1 
0 1 
1 0 
-5 -5 
-24 -14 
-54 -24 
-79 -26 
-93 -31 
-142 -45 
-51 -14 
-1 0 
0 2 
12 9 
45 30 
75 45 
82 44 
85 43 
76 37 
59 22 
0 0 
0 0 
-4 -3 
-27 -8 
-54 -16 
-56 -11 
-36 -4 
-9 -2 
-2 0 
0 0 
0 -1 
7 0 
17 4 
24 6 
11 3 
2 2 
0 0 
0 0 
0 0 
0 0 
0 0 
0 0 
0 0 
0 0 
0 0 
0 0 
-8 0 
-37 -8 
-83 -19 
-88 -18 
-77 -16 
-62 -16 
-73 -18 
-96 -27 
0 0 
0 0 
0 0 
0 0 
0 0 
0 0 
0 0 
0 0 
0 0 
0 0 
0 0 
0 0 
-4 3 
-10 10 
-9 4 
0 0 
-24 26 
0 0 
-15 29 
0 0 
-3 13 
0 0 
-1 29 
13 33 
57 66 
0 0 
0 0 
25 8 
56 14 
54 7 
85 1 
49 0 
40 -7 
37 -14 
52 -24 
66 -40 
75 -59 
79 -75 
66 -78 
60 -111 
11 -53 
-9 -40 
-38 -37 
-66 -38 
-101 -32 
-117 -24 
-105 -8 
-77 5 
-60 18 
-76 47 
-20 19 
-85 89 
-35 45 
-22 32 
-11 30 
-3 26 
10 28 
28 32 
55 40 
87 36 
89 26 
48 3 
37 -7 
45 -19 
60 -27 
67 -28 
65 -28 
45 -27 
24 -20 
11 -18 
8 -20 
7 -28 
1 -7 
2 -7 
0 -2 
0 0 
0 0 
0 0 
-1 7 
0 0 
0 0 
0 0 
0 1 
0 0 
0 0 
0 0 
0 0 
0 0 
-4 0 
-15 -2 
-42 -9 
-84 -6 
-52 0 
-52 -1 
-44 0 
-33 0 
-33 0 
-28 -3 
-25 -3 
-25 -1 
-24 0 
-22 0 
-16 0 
-16 0 
-8 0 
-8 0 
-14 0 
-36 -1 
0 0 
-9 0 
0 0 
0 0 
-4 0 
-7 0 
-6 0 
-18 -1 
-16 -1 
-12 0 
-12 0 
-4 0 
-10 0 
-19 0 
0 0 
0 0 
0 0 
0 0 
0 0 
0 -2 
11 -2 
13 -1 
30 -2 
35 -3 
31 -1 
26 0 
31 2 
20 2 
0 0 
12 0 
27 0 
71 0 
0 0 
14 0 
21 0 
4 0 
6 0 
13 -1 
19 -2 
24 -1 
27 0 
27 -1 
24 0 
20 0 
17 0 
14 0 
16 0 
7 0 
7 0 
10 0 
4 0 
3 0 
4 0 
5 0 
2 0 
0 0 
0 0 
0 0 
0 0 
0 0 
0 0 
0 0 
0 0 
0 0 
0 0 
0 0 
0 0 
0 0 
0 0 
0 0 
0 0 
0 0 
0 0 
0 0 
0 0 
0 0 
0 0 
0 0 
0 0 
0 0 
0 0 
0 0 
0 0 
0 0 
0 0 
0 0 
0 0 
0 0 
0 0 
0 0 
124 144 
0 0 
0 0 
0 0 
0 0 
301 149 
0 0 
0 0 
0 0 
0 0 
0 0 
0 0 
0 0 
133 147 
0 0 
0 0 
0 0 
0 0 
0 0 
0 0 
0 0 
